build/app/outputs/logs/manifest-merger-debug-report.txt
-- Merging decision tree log ---
manifest
ADDED from src/main/AndroidManifest.xml:1:1-58:12
INJECTED from src/main/AndroidManifest.xml:1:1-58:12
INJECTED from src/main/AndroidManifest.xml:1:1-58:12
INJECTED from src/main/AndroidManifest.xml:1:1-58:12
MERGED from [:sqflite] AndroidManifest.xml:2:1-7:12
MERGED from [:url_launcher] AndroidManifest.xml:2:1-14:12
MERGED from [:flutter_blue] AndroidManifest.xml:2:1-11:12
MERGED from [:path_provider] AndroidManifest.xml:2:1-7:12
MERGED from [:permission_handler] AndroidManifest.xml:2:1-7:12
MERGED from [:sharesdk] AndroidManifest.xml:2:1-20:12
MERGED from [:gt3] AndroidManifest.xml:2:1-13:12
MERGED from [geetest_sensebot_android_v4.0.5_20190122.aar] AndroidManifest.xml:2:1-11:12
MERGED from [:shared_preferences] AndroidManifest.xml:2:1-7:12
MERGED from [:flutter_bridge_webview] AndroidManifest.xml:2:1-7:12
MERGED from [androidx.appcompat:appcompat:1.0.0] AndroidManifest.xml:17:1-22:12
MERGED from [androidx.fragment:fragment:1.0.0] AndroidManifest.xml:17:1-22:12
MERGED from [androidx.vectordrawable:vectordrawable-animated:1.0.0] AndroidManifest.xml:17:1-22:12
MERGED from [androidx.legacy:legacy-support-core-ui:1.0.0] AndroidManifest.xml:17:1-22:12
MERGED from [androidx.legacy:legacy-support-core-utils:1.0.0] AndroidManifest.xml:17:1-22:12
MERGED from [androidx.vectordrawable:vectordrawable:1.0.0] AndroidManifest.xml:17:1-22:12
MERGED from [androidx.loader:loader:1.0.0] AndroidManifest.xml:17:1-22:12
MERGED from [androidx.viewpager:viewpager:1.0.0] AndroidManifest.xml:17:1-22:12
MERGED from [androidx.coordinatorlayout:coordinatorlayout:1.0.0] AndroidManifest.xml:17:1-22:12
MERGED from [androidx.drawerlayout:drawerlayout:1.0.0] AndroidManifest.xml:17:1-22:12
MERGED from [androidx.slidingpanelayout:slidingpanelayout:1.0.0] AndroidManifest.xml:17:1-22:12
MERGED from [androidx.customview:customview:1.0.0] AndroidManifest.xml:17:1-22:12
MERGED from [androidx.swiperefreshlayout:swiperefreshlayout:1.0.0] AndroidManifest.xml:17:1-22:12
MERGED from [androidx.asynclayoutinflater:asynclayoutinflater:1.0.0] AndroidManifest.xml:17:1-22:12
MERGED from [androidx.core:core:1.0.2] AndroidManifest.xml:17:1-24:12
MERGED from [androidx.versionedparcelable:versionedparcelable:1.0.0] AndroidManifest.xml:17:1-25:12
MERGED from [androidx.lifecycle:lifecycle-runtime:2.0.0] AndroidManifest.xml:17:1-22:12
MERGED from [androidx.cursoradapter:cursoradapter:1.0.0] AndroidManifest.xml:17:1-22:12
MERGED from [androidx.lifecycle:lifecycle-livedata:2.0.0] AndroidManifest.xml:17:1-22:12
MERGED from [androidx.lifecycle:lifecycle-livedata-core:2.0.0] AndroidManifest.xml:17:1-22:12
MERGED from [androidx.arch.core:core-runtime:2.0.0] AndroidManifest.xml:17:1-22:12
MERGED from [androidx.documentfile:documentfile:1.0.0] AndroidManifest.xml:17:1-22:12
MERGED from [androidx.localbroadcastmanager:localbroadcastmanager:1.0.0] AndroidManifest.xml:17:1-22:12
MERGED from [androidx.print:print:1.0.0] AndroidManifest.xml:17:1-22:12
MERGED from [androidx.lifecycle:lifecycle-viewmodel:2.0.0] AndroidManifest.xml:17:1-22:12
MERGED from [androidx.interpolator:interpolator:1.0.0] AndroidManifest.xml:17:1-22:12
MERGED from [cn.sharesdk:ShareSDK:3.6.0] AndroidManifest.xml:2:1-11:12
MERGED from [cn.sharesdk:OneKeyShare:3.6.0] AndroidManifest.xml:2:1-11:12
MERGED from [androidx.constraintlayout:constraintlayout:1.1.2] AndroidManifest.xml:2:1-11:12
MERGED from [com.github.lzyzsd:jsbridge:1.0.4] AndroidManifest.xml:2:1-16:12
INJECTED from src/main/AndroidManifest.xml:1:1-58:12
INJECTED from src/main/AndroidManifest.xml:1:1-58:12
INJECTED from src/main/AndroidManifest.xml:1:1-58:12
	package
		ADDED from src/main/AndroidManifest.xml:3:11-45
		INJECTED from src/main/AndroidManifest.xml
		INJECTED from src/main/AndroidManifest.xml
	android:versionName
		INJECTED from src/main/AndroidManifest.xml
		ADDED from src/main/AndroidManifest.xml:1:1-58:12
		INJECTED from src/main/AndroidManifest.xml
	xmlns:tools
		ADDED from src/main/AndroidManifest.xml:2:11-57
	android:versionCode
		INJECTED from src/main/AndroidManifest.xml
		ADDED from src/main/AndroidManifest.xml:1:1-58:12
		INJECTED from src/main/AndroidManifest.xml
	xmlns:android
		ADDED from src/main/AndroidManifest.xml:1:11-69
uses-feature#android.hardware.bluetooth_le
ADDED from src/main/AndroidManifest.xml:9:5-11:39
	android:required
		ADDED from src/main/AndroidManifest.xml:11:13-36
	android:name
		ADDED from src/main/AndroidManifest.xml:10:13-57
uses-permission#android.permission.RECORD_AUDIO
ADDED from src/main/AndroidManifest.xml:13:5-71
	android:name
		ADDED from src/main/AndroidManifest.xml:13:22-68
uses-permission#android.permission.CAMERA
ADDED from src/main/AndroidManifest.xml:15:5-65
	android:name
		ADDED from src/main/AndroidManifest.xml:15:22-62
uses-feature#android.hardware.camera.autofocus
ADDED from src/main/AndroidManifest.xml:17:5-70
	android:name
		ADDED from src/main/AndroidManifest.xml:17:19-67
uses-permission#android.permission.BLUETOOTH
ADDED from src/main/AndroidManifest.xml:19:5-68
MERGED from [:flutter_blue] AndroidManifest.xml:7:5-68
MERGED from [:flutter_blue] AndroidManifest.xml:7:5-68
	android:name
		ADDED from src/main/AndroidManifest.xml:19:22-65
uses-permission#android.permission.BLUETOOTH_ADMIN
ADDED from src/main/AndroidManifest.xml:20:5-74
MERGED from [:flutter_blue] AndroidManifest.xml:8:5-74
MERGED from [:flutter_blue] AndroidManifest.xml:8:5-74
	android:name
		ADDED from src/main/AndroidManifest.xml:20:22-71
uses-permission#android.permission.INTERNET
ADDED from src/main/AndroidManifest.xml:21:5-67
MERGED from [:gt3] AndroidManifest.xml:7:5-67
MERGED from [:gt3] AndroidManifest.xml:7:5-67
	android:name
		ADDED from src/main/AndroidManifest.xml:21:22-64
uses-permission#android.permission.ACCESS_WIFI_STATE
ADDED from src/main/AndroidManifest.xml:22:5-76
MERGED from [:gt3] AndroidManifest.xml:8:5-76
MERGED from [:gt3] AndroidManifest.xml:8:5-76
	android:name
		ADDED from src/main/AndroidManifest.xml:22:22-73
uses-permission#android.permission.ACCESS_NETWORK_STATE
ADDED from src/main/AndroidManifest.xml:23:5-79
MERGED from [:gt3] AndroidManifest.xml:9:5-79
MERGED from [:gt3] AndroidManifest.xml:9:5-79
	android:name
		ADDED from src/main/AndroidManifest.xml:23:22-76
uses-permission#android.permission.CHANGE_WIFI_STATE
ADDED from src/main/AndroidManifest.xml:24:5-76
MERGED from [:gt3] AndroidManifest.xml:10:5-76
MERGED from [:gt3] AndroidManifest.xml:10:5-76
	android:name
		ADDED from src/main/AndroidManifest.xml:24:22-73
uses-permission#android.permission.READ_PHONE_STATE
ADDED from src/main/AndroidManifest.xml:25:5-75
MERGED from [:gt3] AndroidManifest.xml:11:5-75
MERGED from [:gt3] AndroidManifest.xml:11:5-75
	android:name
		ADDED from src/main/AndroidManifest.xml:25:22-72
application
ADDED from src/main/AndroidManifest.xml:32:5-57:19
MERGED from [:url_launcher] AndroidManifest.xml:7:5-12:19
MERGED from [:url_launcher] AndroidManifest.xml:7:5-12:19
MERGED from [:sharesdk] AndroidManifest.xml:11:5-18:19
MERGED from [:sharesdk] AndroidManifest.xml:11:5-18:19
MERGED from [androidx.core:core:1.0.2] AndroidManifest.xml:22:5-89
MERGED from [androidx.core:core:1.0.2] AndroidManifest.xml:22:5-89
MERGED from [androidx.versionedparcelable:versionedparcelable:1.0.0] AndroidManifest.xml:22:5-23:19
MERGED from [androidx.versionedparcelable:versionedparcelable:1.0.0] AndroidManifest.xml:22:5-23:19
MERGED from [androidx.constraintlayout:constraintlayout:1.1.2] AndroidManifest.xml:9:5-20
MERGED from [androidx.constraintlayout:constraintlayout:1.1.2] AndroidManifest.xml:9:5-20
MERGED from [com.github.lzyzsd:jsbridge:1.0.4] AndroidManifest.xml:11:5-14:19
MERGED from [com.github.lzyzsd:jsbridge:1.0.4] AndroidManifest.xml:11:5-14:19
	android:appComponentFactory
		ADDED from [androidx.core:core:1.0.2] AndroidManifest.xml:22:18-86
	android:label
		ADDED from src/main/AndroidManifest.xml:35:9-40
		REJECTED from [com.github.lzyzsd:jsbridge:1.0.4] AndroidManifest.xml:13:9-41
	android:allowBackup
		ADDED from [com.github.lzyzsd:jsbridge:1.0.4] AndroidManifest.xml:12:9-35
	android:icon
		ADDED from src/main/AndroidManifest.xml:36:9-43
	tools:replace
		ADDED from src/main/AndroidManifest.xml:33:13-56
	android:name
		ADDED from src/main/AndroidManifest.xml:34:9-57
activity#com.microduino.mDesigner.MainActivity
ADDED from src/main/AndroidManifest.xml:37:9-56:20
	android:screenOrientation
		ADDED from src/main/AndroidManifest.xml:44:13-50
	android:launchMode
		ADDED from src/main/AndroidManifest.xml:39:13-43
	android:hardwareAccelerated
		ADDED from src/main/AndroidManifest.xml:42:13-47
	android:windowSoftInputMode
		ADDED from src/main/AndroidManifest.xml:43:13-55
	android:configChanges
		ADDED from src/main/AndroidManifest.xml:41:13-137
	android:theme
		ADDED from src/main/AndroidManifest.xml:40:13-47
	android:name
		ADDED from src/main/AndroidManifest.xml:38:13-41
meta-data#io.flutter.app.android.SplashScreenUntilFirstFrame
ADDED from src/main/AndroidManifest.xml:49:13-51:40
	android:value
		ADDED from src/main/AndroidManifest.xml:51:17-37
	android:name
		ADDED from src/main/AndroidManifest.xml:50:17-82
intent-filter#action:name:android.intent.action.MAIN+category:name:android.intent.category.LAUNCHER
ADDED from src/main/AndroidManifest.xml:52:13-55:29
action#android.intent.action.MAIN
ADDED from src/main/AndroidManifest.xml:53:17-68
	android:name
		ADDED from src/main/AndroidManifest.xml:53:25-66
category#android.intent.category.LAUNCHER
ADDED from src/main/AndroidManifest.xml:54:17-76
	android:name
		ADDED from src/main/AndroidManifest.xml:54:27-74
uses-sdk
INJECTED from src/main/AndroidManifest.xml reason: use-sdk injection requested
INJECTED from src/main/AndroidManifest.xml
INJECTED from src/main/AndroidManifest.xml
MERGED from [:sqflite] AndroidManifest.xml:5:5-44
MERGED from [:sqflite] AndroidManifest.xml:5:5-44
MERGED from [:url_launcher] AndroidManifest.xml:5:5-44
MERGED from [:url_launcher] AndroidManifest.xml:5:5-44
MERGED from [:flutter_blue] AndroidManifest.xml:5:5-44
MERGED from [:flutter_blue] AndroidManifest.xml:5:5-44
MERGED from [:path_provider] AndroidManifest.xml:5:5-44
MERGED from [:path_provider] AndroidManifest.xml:5:5-44
MERGED from [:permission_handler] AndroidManifest.xml:5:5-44
MERGED from [:permission_handler] AndroidManifest.xml:5:5-44
MERGED from [:sharesdk] AndroidManifest.xml:7:5-9:41
MERGED from [:sharesdk] AndroidManifest.xml:7:5-9:41
MERGED from [:gt3] AndroidManifest.xml:5:5-44
MERGED from [:gt3] AndroidManifest.xml:5:5-44
MERGED from [geetest_sensebot_android_v4.0.5_20190122.aar] AndroidManifest.xml:7:5-9:41
MERGED from [geetest_sensebot_android_v4.0.5_20190122.aar] AndroidManifest.xml:7:5-9:41
MERGED from [:shared_preferences] AndroidManifest.xml:5:5-44
MERGED from [:shared_preferences] AndroidManifest.xml:5:5-44
MERGED from [:flutter_bridge_webview] AndroidManifest.xml:5:5-44
MERGED from [:flutter_bridge_webview] AndroidManifest.xml:5:5-44
MERGED from [androidx.appcompat:appcompat:1.0.0] AndroidManifest.xml:20:5-44
MERGED from [androidx.appcompat:appcompat:1.0.0] AndroidManifest.xml:20:5-44
MERGED from [androidx.fragment:fragment:1.0.0] AndroidManifest.xml:20:5-44
MERGED from [androidx.fragment:fragment:1.0.0] AndroidManifest.xml:20:5-44
MERGED from [androidx.vectordrawable:vectordrawable-animated:1.0.0] AndroidManifest.xml:20:5-44
MERGED from [androidx.vectordrawable:vectordrawable-animated:1.0.0] AndroidManifest.xml:20:5-44
MERGED from [androidx.legacy:legacy-support-core-ui:1.0.0] AndroidManifest.xml:20:5-44
MERGED from [androidx.legacy:legacy-support-core-ui:1.0.0] AndroidManifest.xml:20:5-44
MERGED from [androidx.legacy:legacy-support-core-utils:1.0.0] AndroidManifest.xml:20:5-44
MERGED from [androidx.legacy:legacy-support-core-utils:1.0.0] AndroidManifest.xml:20:5-44
MERGED from [androidx.vectordrawable:vectordrawable:1.0.0] AndroidManifest.xml:20:5-44
MERGED from [androidx.vectordrawable:vectordrawable:1.0.0] AndroidManifest.xml:20:5-44
MERGED from [androidx.loader:loader:1.0.0] AndroidManifest.xml:20:5-44
MERGED from [androidx.loader:loader:1.0.0] AndroidManifest.xml:20:5-44
MERGED from [androidx.viewpager:viewpager:1.0.0] AndroidManifest.xml:20:5-44
MERGED from [androidx.viewpager:viewpager:1.0.0] AndroidManifest.xml:20:5-44
MERGED from [androidx.coordinatorlayout:coordinatorlayout:1.0.0] AndroidManifest.xml:20:5-44
MERGED from [androidx.coordinatorlayout:coordinatorlayout:1.0.0] AndroidManifest.xml:20:5-44
MERGED from [androidx.drawerlayout:drawerlayout:1.0.0] AndroidManifest.xml:20:5-44
MERGED from [androidx.drawerlayout:drawerlayout:1.0.0] AndroidManifest.xml:20:5-44
MERGED from [androidx.slidingpanelayout:slidingpanelayout:1.0.0] AndroidManifest.xml:20:5-44
MERGED from [androidx.slidingpanelayout:slidingpanelayout:1.0.0] AndroidManifest.xml:20:5-44
MERGED from [androidx.customview:customview:1.0.0] AndroidManifest.xml:20:5-44
MERGED from [androidx.customview:customview:1.0.0] AndroidManifest.xml:20:5-44
MERGED from [androidx.swiperefreshlayout:swiperefreshlayout:1.0.0] AndroidManifest.xml:20:5-44
MERGED from [androidx.swiperefreshlayout:swiperefreshlayout:1.0.0] AndroidManifest.xml:20:5-44
MERGED from [androidx.asynclayoutinflater:asynclayoutinflater:1.0.0] AndroidManifest.xml:20:5-44
MERGED from [androidx.asynclayoutinflater:asynclayoutinflater:1.0.0] AndroidManifest.xml:20:5-44
MERGED from [androidx.core:core:1.0.2] AndroidManifest.xml:20:5-44
MERGED from [androidx.core:core:1.0.2] AndroidManifest.xml:20:5-44
MERGED from [androidx.versionedparcelable:versionedparcelable:1.0.0] AndroidManifest.xml:20:5-44
MERGED from [androidx.versionedparcelable:versionedparcelable:1.0.0] AndroidManifest.xml:20:5-44
MERGED from [androidx.lifecycle:lifecycle-runtime:2.0.0] AndroidManifest.xml:20:5-44
MERGED from [androidx.lifecycle:lifecycle-runtime:2.0.0] AndroidManifest.xml:20:5-44
MERGED from [androidx.cursoradapter:cursoradapter:1.0.0] AndroidManifest.xml:20:5-44
MERGED from [androidx.cursoradapter:cursoradapter:1.0.0] AndroidManifest.xml:20:5-44
MERGED from [androidx.lifecycle:lifecycle-livedata:2.0.0] AndroidManifest.xml:20:5-44
MERGED from [androidx.lifecycle:lifecycle-livedata:2.0.0] AndroidManifest.xml:20:5-44
MERGED from [androidx.lifecycle:lifecycle-livedata-core:2.0.0] AndroidManifest.xml:20:5-44
MERGED from [androidx.lifecycle:lifecycle-livedata-core:2.0.0] AndroidManifest.xml:20:5-44
MERGED from [androidx.arch.core:core-runtime:2.0.0] AndroidManifest.xml:20:5-44
MERGED from [androidx.arch.core:core-runtime:2.0.0] AndroidManifest.xml:20:5-44
MERGED from [androidx.documentfile:documentfile:1.0.0] AndroidManifest.xml:20:5-44
MERGED from [androidx.documentfile:documentfile:1.0.0] AndroidManifest.xml:20:5-44
MERGED from [androidx.localbroadcastmanager:localbroadcastmanager:1.0.0] AndroidManifest.xml:20:5-44
MERGED from [androidx.localbroadcastmanager:localbroadcastmanager:1.0.0] AndroidManifest.xml:20:5-44
MERGED from [androidx.print:print:1.0.0] AndroidManifest.xml:20:5-44
MERGED from [androidx.print:print:1.0.0] AndroidManifest.xml:20:5-44
MERGED from [androidx.lifecycle:lifecycle-viewmodel:2.0.0] AndroidManifest.xml:20:5-44
MERGED from [androidx.lifecycle:lifecycle-viewmodel:2.0.0] AndroidManifest.xml:20:5-44
MERGED from [androidx.interpolator:interpolator:1.0.0] AndroidManifest.xml:20:5-44
MERGED from [androidx.interpolator:interpolator:1.0.0] AndroidManifest.xml:20:5-44
MERGED from [cn.sharesdk:ShareSDK:3.6.0] AndroidManifest.xml:7:5-9:41
MERGED from [cn.sharesdk:ShareSDK:3.6.0] AndroidManifest.xml:7:5-9:41
MERGED from [cn.sharesdk:OneKeyShare:3.6.0] AndroidManifest.xml:7:5-9:41
MERGED from [cn.sharesdk:OneKeyShare:3.6.0] AndroidManifest.xml:7:5-9:41
MERGED from [androidx.constraintlayout:constraintlayout:1.1.2] AndroidManifest.xml:5:5-7:41
MERGED from [androidx.constraintlayout:constraintlayout:1.1.2] AndroidManifest.xml:5:5-7:41
MERGED from [com.github.lzyzsd:jsbridge:1.0.4] AndroidManifest.xml:7:5-9:41
MERGED from [com.github.lzyzsd:jsbridge:1.0.4] AndroidManifest.xml:7:5-9:41
INJECTED from src/main/AndroidManifest.xml
INJECTED from src/main/AndroidManifest.xml
	android:targetSdkVersion
		INJECTED from src/main/AndroidManifest.xml
		ADDED from src/main/AndroidManifest.xml
		INJECTED from src/main/AndroidManifest.xml
	android:minSdkVersion
		INJECTED from src/main/AndroidManifest.xml
		ADDED from src/main/AndroidManifest.xml
		INJECTED from src/main/AndroidManifest.xml
activity#io.flutter.plugins.urllauncher.UrlLauncherPlugin$WebViewActivity
ADDED from [:url_launcher] AndroidManifest.xml:8:9-11:74
	android:exported
		ADDED from [:url_launcher] AndroidManifest.xml:10:13-37
	android:theme
		ADDED from [:url_launcher] AndroidManifest.xml:11:13-71
	android:name
		ADDED from [:url_launcher] AndroidManifest.xml:9:13-92
uses-permission#android.permission.ACCESS_COARSE_LOCATION
ADDED from [:flutter_blue] AndroidManifest.xml:9:5-81
	android:name
		ADDED from [:flutter_blue] AndroidManifest.xml:9:22-78
meta-data#Mob-AppKey
ADDED from [:sharesdk] AndroidManifest.xml:12:9-14:43
	android:value
		ADDED from [:sharesdk] AndroidManifest.xml:14:13-40
	android:name
		ADDED from [:sharesdk] AndroidManifest.xml:13:13-38
meta-data#Mob-AppSecret
ADDED from [:sharesdk] AndroidManifest.xml:15:9-17:64
	android:value
		ADDED from [:sharesdk] AndroidManifest.xml:17:13-61
	android:name
		ADDED from [:sharesdk] AndroidManifest.xml:16:13-41